
may. 07, 2019 10:47:26.71 NEW SESSION
may. 07, 2019 10:47:26.72 
may. 07, 2019 10:47:26.72 (/usr/lib/firefox/firefox:6115): dconf-WARNING **: 10:47:26.718: Unable to open /var/lib/snapd/desktop/dconf/profile/user: Permiso denegado
may. 07, 2019 11:15:54.70 
may. 07, 2019 11:15:54.70 (/usr/lib/firefox/firefox:8152): dconf-WARNING **: 11:15:54.706: Unable to open /var/lib/snapd/desktop/dconf/profile/user: Permiso denegado

may. 08, 2019 23:14:34.45 NEW SESSION
may. 08, 2019 23:14:34.45 
may. 08, 2019 23:14:34.47 (/usr/lib/firefox/firefox:8848): dconf-WARNING **: 23:14:34.451: Unable to open /var/lib/snapd/desktop/dconf/profile/user: Permiso denegado
may. 08, 2019 23:15:14.50 
may. 08, 2019 23:15:14.50 (/usr/lib/firefox/firefox:9102): dconf-WARNING **: 23:15:14.504: Unable to open /var/lib/snapd/desktop/dconf/profile/user: Permiso denegado
may. 08, 2019 23:15:46.29 
may. 08, 2019 23:15:46.29 (/usr/lib/firefox/firefox:16386): dconf-WARNING **: 23:15:46.293: Unable to open /var/lib/snapd/desktop/dconf/profile/user: Permiso denegado
may. 08, 2019 23:21:14.71 [Parent 8760, Gecko_IOThread] WARNING: pipe error (164): Conexión reinicializada por la máquina remota: file /build/firefox-BQwAIc/firefox-66.0.4+build3/ipc/chromium/src/chrome/common/ipc_channel_posix.cc, line 357
may. 08, 2019 23:21:28.60 [Parent 8760, Gecko_IOThread] WARNING: pipe error (100): Conexión reinicializada por la máquina remota: file /build/firefox-BQwAIc/firefox-66.0.4+build3/ipc/chromium/src/chrome/common/ipc_channel_posix.cc, line 357
may. 08, 2019 23:35:45.28 
may. 08, 2019 23:35:45.28 (/usr/lib/firefox/firefox:17028): dconf-WARNING **: 23:35:45.282: Unable to open /var/lib/snapd/desktop/dconf/profile/user: Permiso denegado
may. 08, 2019 23:37:24.31 
may. 08, 2019 23:37:24.31 (/usr/lib/firefox/firefox:18769): dconf-WARNING **: 23:37:24.310: Unable to open /var/lib/snapd/desktop/dconf/profile/user: Permiso denegado
may. 09, 2019 24:03:02.54 
may. 09, 2019 24:03:02.54 (/usr/lib/firefox/firefox:7439): GdkPixbuf-WARNING **: 00:03:02.546: Cannot open pixbuf loader module file '/usr/lib/x86_64-linux-gnu/gdk-pixbuf-2.0/2.10.0/loaders.cache': No existe el archivo o el directorio
may. 09, 2019 24:03:02.54 
may. 09, 2019 24:03:02.54 This likely means that your installation is broken.
may. 09, 2019 24:03:02.54 Try running the command
may. 09, 2019 24:03:02.54   gdk-pixbuf-query-loaders > /usr/lib/x86_64-linux-gnu/gdk-pixbuf-2.0/2.10.0/loaders.cache
may. 09, 2019 24:03:02.54 to make things work again for the time being.
may. 09, 2019 24:03:02.65 
may. 09, 2019 24:03:02.65 (/usr/lib/firefox/firefox:7439): GdkPixbuf-WARNING **: 00:03:02.655: Cannot open pixbuf loader module file '/usr/lib/x86_64-linux-gnu/gdk-pixbuf-2.0/2.10.0/loaders.cache': No existe el archivo o el directorio
may. 09, 2019 24:03:02.65 
may. 09, 2019 24:03:02.65 This likely means that your installation is broken.
may. 09, 2019 24:03:02.65 Try running the command
may. 09, 2019 24:03:02.65   gdk-pixbuf-query-loaders > /usr/lib/x86_64-linux-gnu/gdk-pixbuf-2.0/2.10.0/loaders.cache
may. 09, 2019 24:03:02.65 to make things work again for the time being.
may. 09, 2019 24:05:36.96 
may. 09, 2019 24:05:36.96 (/usr/lib/firefox/firefox:14932): GdkPixbuf-WARNING **: 00:05:36.967: Cannot open pixbuf loader module file '/usr/lib/x86_64-linux-gnu/gdk-pixbuf-2.0/2.10.0/loaders.cache': No existe el archivo o el directorio
may. 09, 2019 24:05:36.96 
may. 09, 2019 24:05:36.96 This likely means that your installation is broken.
may. 09, 2019 24:05:36.96 Try running the command
may. 09, 2019 24:05:36.96   gdk-pixbuf-query-loaders > /usr/lib/x86_64-linux-gnu/gdk-pixbuf-2.0/2.10.0/loaders.cache
may. 09, 2019 24:05:36.96 to make things work again for the time being.
may. 09, 2019 24:05:37.04 
may. 09, 2019 24:05:37.04 (/usr/lib/firefox/firefox:14932): GdkPixbuf-WARNING **: 00:05:37.047: Cannot open pixbuf loader module file '/usr/lib/x86_64-linux-gnu/gdk-pixbuf-2.0/2.10.0/loaders.cache': No existe el archivo o el directorio
may. 09, 2019 24:05:37.04 
may. 09, 2019 24:05:37.04 This likely means that your installation is broken.
may. 09, 2019 24:05:37.04 Try running the command
may. 09, 2019 24:05:37.04   gdk-pixbuf-query-loaders > /usr/lib/x86_64-linux-gnu/gdk-pixbuf-2.0/2.10.0/loaders.cache
may. 09, 2019 24:05:37.04 to make things work again for the time being.
may. 09, 2019 24:05:51.63 
may. 09, 2019 24:05:51.63 (/usr/lib/firefox/firefox:15210): GdkPixbuf-WARNING **: 00:05:51.630: Cannot open pixbuf loader module file '/usr/lib/x86_64-linux-gnu/gdk-pixbuf-2.0/2.10.0/loaders.cache': No existe el archivo o el directorio
may. 09, 2019 24:05:51.63 
may. 09, 2019 24:05:51.63 This likely means that your installation is broken.
may. 09, 2019 24:05:51.63 Try running the command
may. 09, 2019 24:05:51.63   gdk-pixbuf-query-loaders > /usr/lib/x86_64-linux-gnu/gdk-pixbuf-2.0/2.10.0/loaders.cache
may. 09, 2019 24:05:51.63 to make things work again for the time being.
may. 09, 2019 24:05:51.71 
may. 09, 2019 24:05:51.71 (/usr/lib/firefox/firefox:15210): GdkPixbuf-WARNING **: 00:05:51.718: Cannot open pixbuf loader module file '/usr/lib/x86_64-linux-gnu/gdk-pixbuf-2.0/2.10.0/loaders.cache': No existe el archivo o el directorio
may. 09, 2019 24:05:51.71 
may. 09, 2019 24:05:51.71 This likely means that your installation is broken.
may. 09, 2019 24:05:51.71 Try running the command
may. 09, 2019 24:05:51.71   gdk-pixbuf-query-loaders > /usr/lib/x86_64-linux-gnu/gdk-pixbuf-2.0/2.10.0/loaders.cache
may. 09, 2019 24:05:51.71 to make things work again for the time being.

may. 11, 2019 10:06:24.29 NEW SESSION
may. 11, 2019 10:06:24.29 
may. 11, 2019 10:06:24.29 (/usr/lib/firefox/firefox:5456): dconf-WARNING **: 10:06:24.293: Unable to open /var/lib/snapd/desktop/dconf/profile/user: Permiso denegado
may. 11, 2019 10:10:31.47 [Parent 5372, Gecko_IOThread] WARNING: pipe error (68): Conexión reinicializada por la máquina remota: file /build/firefox-oMDWhF/firefox-66.0.4+build3/ipc/chromium/src/chrome/common/ipc_channel_posix.cc, line 357
may. 11, 2019 10:10:31.48 [Parent 5372, Gecko_IOThread] WARNING: pipe error (172): Conexión reinicializada por la máquina remota: file /build/firefox-oMDWhF/firefox-66.0.4+build3/ipc/chromium/src/chrome/common/ipc_channel_posix.cc, line 357
may. 11, 2019 10:10:31.48 [Parent 5372, Gecko_IOThread] WARNING: pipe error (135): Conexión reinicializada por la máquina remota: file /build/firefox-oMDWhF/firefox-66.0.4+build3/ipc/chromium/src/chrome/common/ipc_channel_posix.cc, line 357

may. 11, 2019 17:47:53.85 NEW SESSION
may. 11, 2019 17:47:53.85 
may. 11, 2019 17:47:53.85 (/usr/lib/firefox/firefox:5151): dconf-WARNING **: 17:47:53.854: Unable to open /var/lib/snapd/desktop/dconf/profile/user: Permiso denegado
may. 11, 2019 17:51:04.91 [Parent 4823, Gecko_IOThread] WARNING: pipe error (143): Conexión reinicializada por la máquina remota: file /build/firefox-oMDWhF/firefox-66.0.4+build3/ipc/chromium/src/chrome/common/ipc_channel_posix.cc, line 357
may. 11, 2019 17:51:08.00 
may. 11, 2019 17:51:08.00 (/usr/lib/firefox/firefox:5223): dconf-WARNING **: 17:51:08.007: Unable to open /var/lib/snapd/desktop/dconf/profile/user: Permiso denegado
may. 11, 2019 17:52:36.76 [Parent 4823, Gecko_IOThread] WARNING: pipe error (153): Conexión reinicializada por la máquina remota: file /build/firefox-oMDWhF/firefox-66.0.4+build3/ipc/chromium/src/chrome/common/ipc_channel_posix.cc, line 357
may. 11, 2019 17:52:39.45 
may. 11, 2019 17:52:39.45 (/usr/lib/firefox/firefox:5683): dconf-WARNING **: 17:52:39.455: Unable to open /var/lib/snapd/desktop/dconf/profile/user: Permiso denegado

may. 15, 2019 08:55:37.41 NEW SESSION
may. 15, 2019 08:55:37.41 [Parent 14048, Gecko_IOThread] WARNING: pipe error (109): Conexión reinicializada por la máquina remota: file /build/firefox-kqTGhi/firefox-66.0.5+build1/ipc/chromium/src/chrome/common/ipc_channel_posix.cc, line 357
may. 15, 2019 08:55:37.41 [Parent 14048, Gecko_IOThread] WARNING: pipe error (55): Conexión reinicializada por la máquina remota: file /build/firefox-kqTGhi/firefox-66.0.5+build1/ipc/chromium/src/chrome/common/ipc_channel_posix.cc, line 357
may. 15, 2019 08:55:38.92 [Parent 14048, Gecko_IOThread] WARNING: pipe error (107): Conexión reinicializada por la máquina remota: file /build/firefox-kqTGhi/firefox-66.0.5+build1/ipc/chromium/src/chrome/common/ipc_channel_posix.cc, line 357
may. 15, 2019 08:55:38.92 [Parent 14048, Gecko_IOThread] WARNING: pipe error (151): Conexión reinicializada por la máquina remota: file /build/firefox-kqTGhi/firefox-66.0.5+build1/ipc/chromium/src/chrome/common/ipc_channel_posix.cc, line 357
may. 15, 2019 08:56:15.36 
may. 15, 2019 08:56:15.36 (/usr/lib/firefox/firefox:14812): dconf-WARNING **: 08:56:15.362: Unable to open /var/lib/snapd/desktop/dconf/profile/user: Permiso denegado
may. 15, 2019 09:13:25.19 
may. 15, 2019 09:13:25.19 (/usr/lib/firefox/firefox:15092): dconf-WARNING **: 09:13:25.198: Unable to open /var/lib/snapd/desktop/dconf/profile/user: Permiso denegado

may. 17, 2019 01:34:34.00 NEW SESSION
may. 17, 2019 01:34:34.00 
may. 17, 2019 01:34:34.00 (/usr/lib/firefox/firefox:3138): dconf-WARNING **: 01:34:34.001: Unable to open /var/lib/snapd/desktop/dconf/profile/user: Permiso denegado
may. 17, 2019 01:44:48.00 
may. 17, 2019 01:44:48.00 (/usr/lib/firefox/firefox:3421): dconf-WARNING **: 01:44:48.003: Unable to open /var/lib/snapd/desktop/dconf/profile/user: Permiso denegado
may. 17, 2019 02:10:23.22 [Parent 3052, Gecko_IOThread] WARNING: pipe error (62): Conexión reinicializada por la máquina remota: file /build/firefox-kqTGhi/firefox-66.0.5+build1/ipc/chromium/src/chrome/common/ipc_channel_posix.cc, line 357
may. 17, 2019 02:10:23.22 [Parent 3052, Gecko_IOThread] WARNING: pipe error (202): Conexión reinicializada por la máquina remota: file /build/firefox-kqTGhi/firefox-66.0.5+build1/ipc/chromium/src/chrome/common/ipc_channel_posix.cc, line 357
may. 17, 2019 02:10:23.23 [Parent 3052, Gecko_IOThread] WARNING: pipe error (181): Conexión reinicializada por la máquina remota: file /build/firefox-kqTGhi/firefox-66.0.5+build1/ipc/chromium/src/chrome/common/ipc_channel_posix.cc, line 357
may. 17, 2019 02:10:23.24 [Parent 3052, Gecko_IOThread] WARNING: pipe error (115): Conexión reinicializada por la máquina remota: file /build/firefox-kqTGhi/firefox-66.0.5+build1/ipc/chromium/src/chrome/common/ipc_channel_posix.cc, line 357

may. 18, 2019 24:56:11.74 NEW SESSION
may. 18, 2019 24:56:11.74 
may. 18, 2019 24:56:11.74 (/usr/lib/firefox/firefox:4545): dconf-WARNING **: 00:56:11.745: Unable to open /var/lib/snapd/desktop/dconf/profile/user: Permiso denegado
may. 18, 2019 01:02:47.44 
may. 18, 2019 01:02:47.44 (/usr/lib/firefox/firefox:4819): dconf-WARNING **: 01:02:47.447: Unable to open /var/lib/snapd/desktop/dconf/profile/user: Permiso denegado
may. 18, 2019 01:26:44.16 
may. 18, 2019 01:26:44.16 (/usr/lib/firefox/firefox:5733): dconf-WARNING **: 01:26:44.166: Unable to open /var/lib/snapd/desktop/dconf/profile/user: Permiso denegado
may. 18, 2019 01:35:31.49 [Parent 4460, Gecko_IOThread] WARNING: pipe error (103): Conexión reinicializada por la máquina remota: file /build/firefox-kqTGhi/firefox-66.0.5+build1/ipc/chromium/src/chrome/common/ipc_channel_posix.cc, line 357
may. 18, 2019 01:35:43.93 
may. 18, 2019 01:35:43.93 (/usr/lib/firefox/firefox:7338): dconf-WARNING **: 01:35:43.936: Unable to open /var/lib/snapd/desktop/dconf/profile/user: Permiso denegado
may. 18, 2019 01:44:06.47 
may. 18, 2019 01:44:06.47 (/usr/lib/firefox/firefox:7436): dconf-WARNING **: 01:44:06.475: Unable to open /var/lib/snapd/desktop/dconf/profile/user: Permiso denegado
may. 18, 2019 01:44:51.51 [Parent 4460, Gecko_IOThread] WARNING: pipe error (146): Conexión reinicializada por la máquina remota: file /build/firefox-kqTGhi/firefox-66.0.5+build1/ipc/chromium/src/chrome/common/ipc_channel_posix.cc, line 357
may. 18, 2019 01:45:00.80 
may. 18, 2019 01:45:00.80 (/usr/lib/firefox/firefox:7872): dconf-WARNING **: 01:45:00.806: Unable to open /var/lib/snapd/desktop/dconf/profile/user: Permiso denegado
may. 18, 2019 01:48:19.84 
may. 18, 2019 01:48:19.84 (/usr/lib/firefox/firefox:7939): dconf-WARNING **: 01:48:19.844: Unable to open /var/lib/snapd/desktop/dconf/profile/user: Permiso denegado
may. 18, 2019 01:52:27.83 
may. 18, 2019 01:52:27.83 (/usr/lib/firefox/firefox:8680): dconf-WARNING **: 01:52:27.837: Unable to open /var/lib/snapd/desktop/dconf/profile/user: Permiso denegado

may. 18, 2019 08:28:15.53 NEW SESSION
may. 18, 2019 08:28:15.53 
may. 18, 2019 08:28:15.53 (/usr/lib/firefox/firefox:4434): dconf-WARNING **: 08:28:15.528: Unable to open /var/lib/snapd/desktop/dconf/profile/user: Permiso denegado
may. 18, 2019 08:30:19.49 [Parent 4349, Gecko_IOThread] WARNING: pipe error (198): Conexión reinicializada por la máquina remota: file /build/firefox-kqTGhi/firefox-66.0.5+build1/ipc/chromium/src/chrome/common/ipc_channel_posix.cc, line 357
may. 18, 2019 08:56:16.33 [Parent 4349, Gecko_IOThread] WARNING: pipe error (61): Conexión reinicializada por la máquina remota: file /build/firefox-kqTGhi/firefox-66.0.5+build1/ipc/chromium/src/chrome/common/ipc_channel_posix.cc, line 357
may. 18, 2019 08:57:42.40 
may. 18, 2019 08:57:42.40 (/usr/lib/firefox/firefox:6262): dconf-WARNING **: 08:57:42.406: Unable to open /var/lib/snapd/desktop/dconf/profile/user: Permiso denegado

may. 19, 2019 11:04:01.06 NEW SESSION
may. 19, 2019 11:04:01.06 
may. 19, 2019 11:04:01.06 (/usr/lib/firefox/firefox:5580): dconf-WARNING **: 11:04:01.061: Unable to open /var/lib/snapd/desktop/dconf/profile/user: Permiso denegado
may. 19, 2019 11:22:59.13 
may. 19, 2019 11:22:59.13 (/usr/lib/firefox/firefox:5861): dconf-WARNING **: 11:22:59.133: Unable to open /var/lib/snapd/desktop/dconf/profile/user: Permiso denegado
may. 19, 2019 11:30:36.73 [Parent 5490, Gecko_IOThread] WARNING: pipe error (202): Conexión reinicializada por la máquina remota: file /build/firefox-kqTGhi/firefox-66.0.5+build1/ipc/chromium/src/chrome/common/ipc_channel_posix.cc, line 357
may. 19, 2019 11:30:36.73 [Parent 5490, Gecko_IOThread] WARNING: pipe error (57): Conexión reinicializada por la máquina remota: file /build/firefox-kqTGhi/firefox-66.0.5+build1/ipc/chromium/src/chrome/common/ipc_channel_posix.cc, line 357
may. 19, 2019 11:30:36.75 [Parent 5490, Gecko_IOThread] WARNING: pipe error (139): Conexión reinicializada por la máquina remota: file /build/firefox-kqTGhi/firefox-66.0.5+build1/ipc/chromium/src/chrome/common/ipc_channel_posix.cc, line 357
may. 19, 2019 11:30:52.55 
may. 19, 2019 11:30:52.55 (/usr/lib/firefox/firefox:7244): dconf-WARNING **: 11:30:52.553: Unable to open /var/lib/snapd/desktop/dconf/profile/user: Permiso denegado
may. 19, 2019 11:40:19.53 [Parent 7174, Gecko_IOThread] WARNING: pipe error (191): Conexión reinicializada por la máquina remota: file /build/firefox-kqTGhi/firefox-66.0.5+build1/ipc/chromium/src/chrome/common/ipc_channel_posix.cc, line 357
may. 19, 2019 11:40:38.95 
may. 19, 2019 11:40:38.95 (/usr/lib/firefox/firefox:8393): dconf-WARNING **: 11:40:38.957: Unable to open /var/lib/snapd/desktop/dconf/profile/user: Permiso denegado
may. 19, 2019 11:54:44.48 
may. 19, 2019 11:54:44.48 (/usr/lib/firefox/firefox:8471): dconf-WARNING **: 11:54:44.486: Unable to open /var/lib/snapd/desktop/dconf/profile/user: Permiso denegado
may. 19, 2019 12:01:10.55 
may. 19, 2019 12:01:10.56 (/usr/lib/firefox/firefox:9357): dconf-WARNING **: 12:01:10.559: Unable to open /var/lib/snapd/desktop/dconf/profile/user: Permiso denegado
may. 19, 2019 13:24:05.91 [Parent 7174, Gecko_IOThread] WARNING: pipe error (160): Conexión reinicializada por la máquina remota: file /build/firefox-kqTGhi/firefox-66.0.5+build1/ipc/chromium/src/chrome/common/ipc_channel_posix.cc, line 357
may. 19, 2019 13:24:06.17 [Parent 7174, Gecko_IOThread] WARNING: pipe error (223): Conexión reinicializada por la máquina remota: file /build/firefox-kqTGhi/firefox-66.0.5+build1/ipc/chromium/src/chrome/common/ipc_channel_posix.cc, line 357
may. 19, 2019 13:24:08.15 [Parent 7174, Gecko_IOThread] WARNING: pipe error (129): Conexión reinicializada por la máquina remota: file /build/firefox-kqTGhi/firefox-66.0.5+build1/ipc/chromium/src/chrome/common/ipc_channel_posix.cc, line 357
may. 19, 2019 13:24:30.40 
may. 19, 2019 13:24:30.40 (/usr/lib/firefox/firefox:12272): dconf-WARNING **: 13:24:30.408: Unable to open /var/lib/snapd/desktop/dconf/profile/user: Permiso denegado
may. 19, 2019 15:38:22.42 
may. 19, 2019 15:38:22.42 (/usr/lib/firefox/firefox:12324): dconf-WARNING **: 15:38:22.422: Unable to open /var/lib/snapd/desktop/dconf/profile/user: Permiso denegado
may. 19, 2019 15:46:20.55 
may. 19, 2019 15:46:20.55 (/usr/lib/firefox/firefox:12799): dconf-WARNING **: 15:46:20.551: Unable to open /var/lib/snapd/desktop/dconf/profile/user: Permiso denegado
may. 19, 2019 15:49:19.85 
may. 19, 2019 15:49:19.85 (/usr/lib/firefox/firefox:12911): dconf-WARNING **: 15:49:19.858: Unable to open /var/lib/snapd/desktop/dconf/profile/user: Permiso denegado
may. 19, 2019 15:49:51.89 [Parent 7174, Gecko_IOThread] WARNING: pipe error (166): Conexión reinicializada por la máquina remota: file /build/firefox-kqTGhi/firefox-66.0.5+build1/ipc/chromium/src/chrome/common/ipc_channel_posix.cc, line 357
may. 19, 2019 15:49:51.91 [Parent 7174, Gecko_IOThread] WARNING: pipe error (164): Conexión reinicializada por la máquina remota: file /build/firefox-kqTGhi/firefox-66.0.5+build1/ipc/chromium/src/chrome/common/ipc_channel_posix.cc, line 357
may. 19, 2019 15:49:51.99 [Parent 7174, Gecko_IOThread] WARNING: pipe error (155): Conexión reinicializada por la máquina remota: file /build/firefox-kqTGhi/firefox-66.0.5+build1/ipc/chromium/src/chrome/common/ipc_channel_posix.cc, line 357
may. 19, 2019 15:52:31.69 
may. 19, 2019 15:52:31.69 (/usr/lib/firefox/firefox:17982): dconf-WARNING **: 15:52:31.698: Unable to open /var/lib/snapd/desktop/dconf/profile/user: Permiso denegado
may. 19, 2019 15:56:10.92 [Parent 7174, Gecko_IOThread] WARNING: pipe error (253): Conexión reinicializada por la máquina remota: file /build/firefox-kqTGhi/firefox-66.0.5+build1/ipc/chromium/src/chrome/common/ipc_channel_posix.cc, line 357
may. 19, 2019 15:56:22.66 
may. 19, 2019 15:56:22.66 (/usr/lib/firefox/firefox:18118): dconf-WARNING **: 15:56:22.664: Unable to open /var/lib/snapd/desktop/dconf/profile/user: Permiso denegado
may. 19, 2019 15:58:33.78 [Parent 7174, Gecko_IOThread] WARNING: pipe error (147): Conexión reinicializada por la máquina remota: file /build/firefox-kqTGhi/firefox-66.0.5+build1/ipc/chromium/src/chrome/common/ipc_channel_posix.cc, line 357

may. 20, 2019 09:58:22.72 NEW SESSION
may. 20, 2019 09:58:22.72 
may. 20, 2019 09:58:22.72 (/usr/lib/firefox/firefox:4919): dconf-WARNING **: 09:58:22.720: Unable to open /var/lib/snapd/desktop/dconf/profile/user: Permiso denegado
may. 20, 2019 09:59:39.12 
may. 20, 2019 09:59:39.12 (/usr/lib/firefox/firefox:5150): dconf-WARNING **: 09:59:39.121: Unable to open /var/lib/snapd/desktop/dconf/profile/user: Permiso denegado
